qipz-heartbeat/android/build/intermediates/manifest_merge_blame_file/debug/processDebugManifest/manifest-merger-blame-debug-report.txt
1<?xml version="1.0" encoding="utf-8"?>
2<manifest xmlns:android="http://schemas.android.com/apk/res/android"
3    package="com.qipz.heartbeat" >
4
5    <uses-sdk android:minSdkVersion="26" />
6
7    <uses-permission android:name="android.permission.INTERNET" />
7-->src/main/AndroidManifest.xml:3:3-65
7-->src/main/AndroidManifest.xml:3:20-62
8    <uses-permission android:name="android.permission.ACCESS_COARSE_LOCATION" />
8-->src/main/AndroidManifest.xml:4:3-79
8-->src/main/AndroidManifest.xml:4:20-76
9    <uses-permission android:name="android.permission.ACCESS_FINE_LOCATION" />
9-->src/main/AndroidManifest.xml:5:3-77
9-->src/main/AndroidManifest.xml:5:20-74
10    <uses-permission android:name="android.permission.ACCESS_BACKGROUND_LOCATION" />
10-->src/main/AndroidManifest.xml:6:3-83
10-->src/main/AndroidManifest.xml:6:20-80
11    <uses-permission android:name="android.permission.FOREGROUND_SERVICE" />
11-->src/main/AndroidManifest.xml:7:3-75
11-->src/main/AndroidManifest.xml:7:20-72
12    <uses-permission android:name="android.permission.FOREGROUND_SERVICE_LOCATION" />
12-->src/main/AndroidManifest.xml:8:3-84
12-->src/main/AndroidManifest.xml:8:20-81
13    <uses-permission android:name="android.permission.POST_NOTIFICATIONS" />
13-->src/main/AndroidManifest.xml:9:3-75
13-->src/main/AndroidManifest.xml:9:20-72
14    <uses-permission android:name="android.permission.ACTIVITY_RECOGNITION" />
14-->src/main/AndroidManifest.xml:10:3-77
14-->src/main/AndroidManifest.xml:10:20-74
15    <uses-permission android:name="android.permission.REQUEST_IGNORE_BATTERY_OPTIMIZATIONS" />
15-->src/main/AndroidManifest.xml:11:3-93
15-->src/main/AndroidManifest.xml:11:20-90
16    <uses-permission android:name="android.permission.RECEIVE_BOOT_COMPLETED" />
16-->src/main/AndroidManifest.xml:12:3-79
16-->src/main/AndroidManifest.xml:12:20-76
17    <uses-permission android:name="android.permission.SCHEDULE_EXACT_ALARM" />
17-->src/main/AndroidManifest.xml:13:3-77
17-->src/main/AndroidManifest.xml:13:20-74
18
19    <uses-feature android:name="android.hardware.location.gps" />
19-->src/main/AndroidManifest.xml:14:3-64
19-->src/main/AndroidManifest.xml:14:17-61
20
21    <application>
21-->src/main/AndroidManifest.xml:16:3-46:17
22        <service
22-->src/main/AndroidManifest.xml:17:5-21:50
23            android:name="com.qipz.heartbeat.HeartbeatService"
23-->src/main/AndroidManifest.xml:18:7-57
24            android:enabled="true"
24-->src/main/AndroidManifest.xml:19:7-29
25            android:exported="false"
25-->src/main/AndroidManifest.xml:20:7-31
26            android:foregroundServiceType="location" />
26-->src/main/AndroidManifest.xml:21:7-47
27
28        <receiver
28-->src/main/AndroidManifest.xml:23:5-26:34
29            android:name="com.qipz.heartbeat.HeartbeatReceiver"
29-->src/main/AndroidManifest.xml:24:7-58
30            android:enabled="true"
30-->src/main/AndroidManifest.xml:25:7-29
31            android:exported="false" />
31-->src/main/AndroidManifest.xml:26:7-31
32        <receiver
32-->src/main/AndroidManifest.xml:27:5-30:34
33            android:name="com.qipz.heartbeat.LocationWakeReceiver"
33-->src/main/AndroidManifest.xml:28:7-61
34            android:enabled="true"
34-->src/main/AndroidManifest.xml:29:7-29
35            android:exported="false" />
35-->src/main/AndroidManifest.xml:30:7-31
36        <receiver
36-->src/main/AndroidManifest.xml:31:5-34:34
37            android:name="com.qipz.heartbeat.ActivityTransitionReceiver"
37-->src/main/AndroidManifest.xml:32:7-67
38            android:enabled="true"
38-->src/main/AndroidManifest.xml:33:7-29
39            android:exported="false" />
39-->src/main/AndroidManifest.xml:34:7-31
40        <receiver
40-->src/main/AndroidManifest.xml:36:5-45:16
41            android:name="com.qipz.heartbeat.BootReceiver"
41-->src/main/AndroidManifest.xml:37:7-53
42            android:enabled="true"
42-->src/main/AndroidManifest.xml:38:7-29
43            android:exported="true" >
43-->src/main/AndroidManifest.xml:39:7-30
44            <intent-filter>
44-->src/main/AndroidManifest.xml:40:7-44:23
45                <action android:name="android.intent.action.BOOT_COMPLETED" />
45-->src/main/AndroidManifest.xml:41:9-71
45-->src/main/AndroidManifest.xml:41:17-68
46                <action android:name="android.intent.action.LOCKED_BOOT_COMPLETED" />
46-->src/main/AndroidManifest.xml:42:9-78
46-->src/main/AndroidManifest.xml:42:17-75
47                <action android:name="android.intent.action.MY_PACKAGE_REPLACED" />
47-->src/main/AndroidManifest.xml:43:9-76
47-->src/main/AndroidManifest.xml:43:17-73
48            </intent-filter>
49        </receiver>
50    </application>
51
52</manifest>